<?xml version="1.0" encoding="UTF-8"?>
<!-- Generated by org.testng.reporters.JUnitReportReporter -->
<testsuite hostname="ideapad" name="com.shipwire.CreateOrderTest" tests="1" failures="0" timestamp="18 Aug 2016 16:22:35 GMT" time="1.624" errors="0">
  <testcase name="createOrder" time="1.624" classname="com.shipwire.CreateOrderTest"/>
</testsuite> <!-- com.shipwire.CreateOrderTest -->
