<?xml version="1.0" encoding="UTF-8"?>
<!-- Generated by org.testng.reporters.JUnitReportReporter -->
<testsuite hostname="ideapad" name="com.shipwire.EditOrderTest" tests="1" failures="0" timestamp="18 Aug 2016 16:22:35 GMT" time="0.819" errors="0">
  <testcase name="editOrder" time="0.819" classname="com.shipwire.EditOrderTest"/>
</testsuite> <!-- com.shipwire.EditOrderTest -->
