<?xml version="1.0" encoding="UTF-8"?>
<!-- Generated by org.testng.reporters.JUnitReportReporter -->
<testsuite hostname="ideapad" name="com.shipwire.CancelOrderTest" tests="1" failures="0" timestamp="18 Aug 2016 16:22:35 GMT" time="0.781" errors="0">
  <testcase name="cancelOrder" time="0.781" classname="com.shipwire.CancelOrderTest"/>
</testsuite> <!-- com.shipwire.CancelOrderTest -->
